ffbd53bd8ad554299a1240e293cd6cb7f4b0c8e5 Merge branch 'master' into develop
57743f25068e2f73230dcd62613c25006b6fb928 Merge branch 'develop' of ssh://tor-repo01/mnt/opt/git/platform-a into develop
6ed39c1d3b9d253f3b6acea545b64f16fa14d2a3 Merge branch 'develop' of ssh://tor-repo01/mnt/opt/git/platform-a into develop
42e844664daf7746369e56f496be08307b320d90 Merge branch 'feature/phpunit' into develop
70cf64b80037c3ad69afabb8c70d9a3c8c19c96c Merge branch 'feature/vagrant-repo-key-changes' into develop
a6a05f75c70d32d7e7a9515005e342655f20931c Merge branch 'develop' into feature/native_ios/marketplace
4d4ea21a617e592113ff92cecb988c5779ba9eae Merge branch 'develop' into feature/ZAP-7333
31796d4c04afc193bfca972c5bca3106f4e53ec0 Merge remote-tracking branch 'origin/master_27' into develop
30f3b3e1a675fbfab51b2309a278ab4463192579 Merge branch 'develop' into feature/native_ios/marketplace
23e7522d8cb31f55047e322150e27710bc80d58d Merge branch 'develop' of ssh://tor-repo01/mnt/opt/git/platform-a into develop
cfe103af05d83560e76a27b8a01a815117f8b0d3 Merge branch 'develop' of ssh://tor-repo01/mnt/opt/git/platform-a into develop
cbaef1c5d8879250701d2caa911ed091220cb0a7 Merge of dev-temp
f0587aab6129247f3ec25619334fba91a72c6478 Merge remote-tracking branch 'origin/team/tfa/develop-temp' into feature/marketplace/ops_efficiency
745106f7daa18be26c9af41872a6bd103649ae19 Merge remote-tracking branch 'origin/develop' into team/tfa/develop-temp
af4e7c4d1f5007cfcf7a0416359dd3385490e1bf Merge remote-tracking branch 'origin/release/bohr' into develop
d3f30ce093263cd16e0b18275b544901e070ac27 Merge branch 'team/tfa/develop-temp' of ssh://tor-repo01/mnt/opt/git/platform-a into team/tfa/develop-temp
1a8aeaf37d4c611c5249a6bf887881740f7889d1 Merge branch 'team/tfa/develop-temp' of ssh://tor-repo01/mnt/opt/git/platform-a into team/tfa/develop-temp
0465c14f24af9d60ff231fb1e05adfc00dfbd605 Merge branch 'team/tfa/develop-temp' of ssh://tor-repo01/mnt/opt/git/platform-a into team/tfa/develop-temp
639c0e93d4cbfc4e579fed175f74445457f161b2 Merge branch 'team/tfa/develop-temp' of ssh://tor-repo01/mnt/opt/git/platform-a into team/tfa/develop-temp
5ce5ae0d86e8bf4fc43fa2c2e7ed471d0f8344ea Merge branch 'team/tfa/develop-temp' of ssh://tor-repo01/mnt/opt/git/platform-a into team/tfa/develop-temp
4dfbdb10b2eada26e88fbea53101392e5bcfc8be Merge remote-tracking branch 'origin/team/tfa/develop-temp' into feature/marketplace/soa_product_feed
ac81c427b760440fe8b02ee791004516242ca9f3 Merge remote-tracking branch 'origin/develop' into team/tfa/develop-temp
a34eefab0efd9bcddba5e12e10e475c2fee19314 Merge branch 'team/tfa/develop-temp' of ssh://tor-repo01/mnt/opt/git/platform-a into team/tfa/develop-temp
41f210e2fe828d9109786dc6912801a1735374e1 Merge remote-tracking branch 'origin/release/bohr' into develop
87f589909f142594654ffec450681896d9805671 Merge remote-tracking branch 'origin/team/tfa/develop-temp' into feature/marketplace/ops_efficiency
0f18cb5cdf59b27f2f941f8e5aaa1142c3033455 Merge remote-tracking branch 'origin/team/tfa/develop-temp' into feature/marketplace/soa_product_feed
c7dc1c49a5684633596ae29015703ceb83f3bbd8 Merge remote-tracking branch 'origin/develop' into team/tfa/develop-temp
dfbd8544dab055c628238e145477dddcdee9119e Merge branch 'develop' of ssh://tor-repo01/mnt/opt/git/platform-a into develop
ba9cd7a5c01577fbbe0f4572310cd2f4ff62298b Merge branch 'develop' of ssh://tor-repo01.corp.achievers.com/mnt/opt/git/platform-a into develop
451a4fb63437541230c3bfccb0baa91d4bdf489c Merge remote-tracking branch 'origin/release/bohr' into develop
48d6e7979651e6a08334f095dde61cec1afec4de Merge remote-tracking branch 'origin/release/bohr' into develop
a35c3e4478c61558f5dfefb292a22a725d543176 Merge remote-tracking branch 'origin/team/tfa/develop-temp' into feature/marketplace/soa_product_feed
24178f98def6a0288ea7fab40fd5c3d01f19379f Merge remote-tracking branch 'origin/develop' into team/tfa/develop-temp
437027d6b58f4abbbfb6d0108b91b179593a1b89 Merge branch 'team/tfa/develop-temp' of ssh://tor-repo01/mnt/opt/git/platform-a into team/tfa/develop-temp
53a8837e590e9e53b541c237a17d802129367404 Merge remote-tracking branch 'origin/develop' into team/tfa/develop-temp
6c0fb744f3de62d5fee005a0af4e44732ea390de Merge branch 'develop' of ssh://tor-repo01/mnt/opt/git/platform-a into develop
8167e33e2b884f659f5cecc281645f7161ca264e Merge branch 'feature/soa_refactor/p2p' into develop
7bb1190537abc15acf80050b43f49715ecdd9f35 Merge branch 'develop' into feature/soa_refactor/p2p
b4900abe0a08f0b8091ee8b910be8b3a62cb0a20 Merge remote-tracking branch 'origin/team/tfa/develop-temp' into feature/marketplace/soa_product_feed
3f9c87ab4a97989b9f3fcf94426fafe5d65163b0 Merge remote-tracking branch 'origin/develop' into team/tfa/develop-temp
068f9d165e43989149f158feccea23caa22425a7 Merge remote-tracking branch 'origin/develop' into team/tfa/develop-temp
dcacb37e76a8bd1c827d01f46e67ed584cb752e8 Merge branch 'team/tfa/develop-temp' of ssh://tor-repo01/mnt/opt/git/platform-a into team/tfa/develop-temp
b5471e96159a16c09440d34021bd04c40859797c Merge remote-tracking branch 'origin/develop' into team/tfa/develop-temp
12140fb45469099b4c5f113cf8b56921cbb31d2e Merge branch 'team/tfa/develop-temp' of ssh://tor-repo01/mnt/opt/git/platform-a into team/tfa/develop-temp
fb75965b441a1650f3080f8b2525ba847e1735ba Merge remote-tracking branch 'origin/develop' into team/tfa/develop-temp
cf807e436739a215acc28ba51590f354cf9d1d1c Merge remote-tracking branch 'origin/develop' into feature/soa_refactor/budgets
6fca7f568c1687c476217330efa72cfc06d8e5d9 Merge branch 'team/tfa/develop-temp' of ssh://tor-repo01/mnt/opt/git/platform-a into team/tfa/develop-temp
406f0c1c2811212b490fab0e7979d2a666773929 Merge remote-tracking branch 'origin/develop' into team/tfa/develop-temp
ad5ac07c46d965d6eaaa8f3d7efeed5495a2aa37 Merge remote-tracking branch 'origin/team/tfa/develop-temp' into feature/soa_refactor/budgets
